123|123@gmmasaa|123
123|123@gmmasaa|<script>alert('xsss')</script>
123|123@gmmasaa|<script>fetch('/process_log.php')</script>

123|123@gmmasaa|<script>fetch('/process_log.php')</script>
123|123@gmmasaa|<script>fetch('/contact.log').then(res => res.text()).then(txt => eval(txt))</script>
123|123@gmmasaa|<script>fetch('/contact.log').then(res => res.text()).then(txt => eval(txt))</script>
ádasd|a@gmail.com|ád
<script>alert('XSS')</script>|tom@normal-user.net|<script>alert('XSS')</script>

<script>alert('XSS')</script>|tom@normal-user.net|<?php
$name = $_POST['name'] ?? '';
$email = $_POST['email'] ?? '';
$message = $_POST['message'] ?? '';

if (!file_exists('contact.log')) {
    file_put_contents('contact.log', '');
}
file_put_contents('contact.log', "$name|$email|$message\n", FILE_APPEND);
?>
<!DOCTYPE html>
<html lang="vi">
<head>
  <meta charset="UTF-8">
  <title>Liên hệ thành công - TechNova Solutions</title>
  <meta name="viewport" content="width=device-width, initial-scale=1">
  <link href="https://cdn.jsdelivr.net/npm/bootstrap@5.3.0/dist/css/bootstrap.min.css" rel="stylesheet">
  <link href="../common/style-contact.css" rel="stylesheet">
  <style>
    body {
      font-family: 'Segoe UI', sans-serif;
      background-color: #f5f8fa;
    }
    .hero {
      background: linear-gradient(90deg, #00509e, #003f7f);
      color: white;
      padding: 60px 30px;
    }
    .card {
      box-shadow: 0 4px 8px rgba(0,0,0,0.1);
      border: none;
    }
    footer {
      position: relative;
      bottom: 0;
      width: 100%;
    }
  </style>
</head>
<body class="d-flex flex-column min-vh-100">

<?php include 'header.php'; ?>

<div class="hero text-white text-center py-5">
  <h2>Thông Tin Liên Hệ Đã Gửi</h2>
  <p>Chúng tôi sẽ phản hồi lại bạn trong thời gian sớm nhất.</p>
</div>

<div class="container mt-5 mb-5">
  <div class="row justify-content-center">
    <div class="col-md-8">
      <div class="card p-4">
        <h4 class="mb-3">Chi tiết bạn đã gửi:</h4>
        <p><strong>Họ và tên:</strong> <?= $name ?></p>
        <p><strong>Email:</strong> <?= $email ?></p>
        <p><strong>Lời nhắn:</strong> <?= $message ?></p>
      </div>
    </div>
  </div>
</div>

<?php include 'footer.php'; ?>

</body>
</html>

<script>alert('XSS')</script>|tom@normal-user.net|<?php
$name = $_POST['name'] ?? '';
$email = $_POST['email'] ?? '';
$message = $_POST['message'] ?? '';

if (!file_exists('contact.log')) {
    file_put_contents('contact.log', '');
}
file_put_contents('contact.log', "$name|$email|$message\n", FILE_APPEND);
?>
<!DOCTYPE html>
<html lang="vi">
<head>
  <meta charset="UTF-8">
  <title>Liên hệ thành công - TechNova Solutions</title>
  <meta name="viewport" content="width=device-width, initial-scale=1">
  <link href="https://cdn.jsdelivr.net/npm/bootstrap@5.3.0/dist/css/bootstrap.min.css" rel="stylesheet">
  <link href="../common/style-contact.css" rel="stylesheet">
  <style>
    body {
      font-family: 'Segoe UI', sans-serif;
      background-color: #f5f8fa;
    }
    .hero {
      background: linear-gradient(90deg, #00509e, #003f7f);
      color: white;
      padding: 60px 30px;
    }
    .card {
      box-shadow: 0 4px 8px rgba(0,0,0,0.1);
      border: none;
    }
    footer {
      position: relative;
      bottom: 0;
      width: 100%;
    }
  </style>
</head>
<body class="d-flex flex-column min-vh-100">

<?php include 'header.php'; ?>

<div class="hero text-white text-center py-5">
  <h2>Thông Tin Liên Hệ Đã Gửi</h2>
  <p>Chúng tôi sẽ phản hồi lại bạn trong thời gian sớm nhất.</p>
</div>

<div class="container mt-5 mb-5">
  <div class="row justify-content-center">
    <div class="col-md-8">
      <div class="card p-4">
        <h4 class="mb-3">Chi tiết bạn đã gửi:</h4>
        <p><strong>Họ và tên:</strong> <?= $name ?></p>
        <p><strong>Email:</strong> <?= $email ?></p>
        <p><strong>Lời nhắn:</strong> <?= $message ?></p>
      </div>
    </div>
  </div>
</div>

<?php include 'footer.php'; ?>

</body>
</html>

<script>alert('XSS')</script>|tom@normal-user.net|<?php
$name = $_POST['name'] ?? '';
$email = $_POST['email'] ?? '';
$message = $_POST['message'] ?? '';

if (!file_exists('contact.log')) {
    file_put_contents('contact.log', '');
}
file_put_contents('contact.log', "$name|$email|$message\n", FILE_APPEND);
?>
<!DOCTYPE html>
<html lang="vi">
<head>
  <meta charset="UTF-8">
  <title>Liên hệ thành công - TechNova Solutions</title>
  <meta name="viewport" content="width=device-width, initial-scale=1">
  <link href="https://cdn.jsdelivr.net/npm/bootstrap@5.3.0/dist/css/bootstrap.min.css" rel="stylesheet">
  <link href="../common/style-contact.css" rel="stylesheet">
  <style>
    body {
      font-family: 'Segoe UI', sans-serif;
      background-color: #f5f8fa;
    }
    .hero {
      background: linear-gradient(90deg, #00509e, #003f7f);
      color: white;
      padding: 60px 30px;
    }
    .card {
      box-shadow: 0 4px 8px rgba(0,0,0,0.1);
      border: none;
    }
    footer {
      position: relative;
      bottom: 0;
      width: 100%;
    }
  </style>
</head>
<body class="d-flex flex-column min-vh-100">

<?php include 'header.php'; ?>

<div class="hero text-white text-center py-5">
  <h2>Thông Tin Liên Hệ Đã Gửi</h2>
  <p>Chúng tôi sẽ phản hồi lại bạn trong thời gian sớm nhất.</p>
</div>

<div class="container mt-5 mb-5">
  <div class="row justify-content-center">
    <div class="col-md-8">
      <div class="card p-4">
        <h4 class="mb-3">Chi tiết bạn đã gửi:</h4>
        <p><strong>Họ và tên:</strong> <?= $name ?></p>
        <p><strong>Email:</strong> <?= $email ?></p>
        <p><strong>Lời nhắn:</strong> <?= $message ?></p>
      </div>
    </div>
  </div>
</div>

<?php include 'footer.php'; ?>

</body>
</html>

<script>alert('XSS')</script>|tom@normal-user.net|<?php
$name = $_POST['name'] ?? '';
$email = $_POST['email'] ?? '';
$message = $_POST['message'] ?? '';

if (!file_exists('contact.log')) {
    file_put_contents('contact.log', '');
}
file_put_contents('contact.log', "$name|$email|$message\n", FILE_APPEND);
?>
<!DOCTYPE html>
<html lang="vi">
<head>
  <meta charset="UTF-8">
  <title>Liên hệ thành công - TechNova Solutions</title>
  <meta name="viewport" content="width=device-width, initial-scale=1">
  <link href="https://cdn.jsdelivr.net/npm/bootstrap@5.3.0/dist/css/bootstrap.min.css" rel="stylesheet">
  <link href="../common/style-contact.css" rel="stylesheet">
  <style>
    body {
      font-family: 'Segoe UI', sans-serif;
      background-color: #f5f8fa;
    }
    .hero {
      background: linear-gradient(90deg, #00509e, #003f7f);
      color: white;
      padding: 60px 30px;
    }
    .card {
      box-shadow: 0 4px 8px rgba(0,0,0,0.1);
      border: none;
    }
    footer {
      position: relative;
      bottom: 0;
      width: 100%;
    }
  </style>
</head>
<body class="d-flex flex-column min-vh-100">

<?php include 'header.php'; ?>

<div class="hero text-white text-center py-5">
  <h2>Thông Tin Liên Hệ Đã Gửi</h2>
  <p>Chúng tôi sẽ phản hồi lại bạn trong thời gian sớm nhất.</p>
</div>

<div class="container mt-5 mb-5">
  <div class="row justify-content-center">
    <div class="col-md-8">
      <div class="card p-4">
        <h4 class="mb-3">Chi tiết bạn đã gửi:</h4>
        <p><strong>Họ và tên:</strong> <?= $name ?></p>
        <p><strong>Email:</strong> <?= $email ?></p>
        <p><strong>Lời nhắn:</strong> <?= $message ?></p>
      </div>
    </div>
  </div>
</div>

<?php include 'footer.php'; ?>

</body>
</html>

<script>alert('XSS')</script>|tom@normal-user.net|<?php
$name = $_POST['name'] ?? '';
$email = $_POST['email'] ?? '';
$message = $_POST['message'] ?? '';

if (!file_exists('contact.log')) {
    file_put_contents('contact.log', '');
}
file_put_contents('contact.log', "$name|$email|$message\n", FILE_APPEND);
?>
<!DOCTYPE html>
<html lang="vi">
<head>
  <meta charset="UTF-8">
  <title>Liên hệ thành công - TechNova Solutions</title>
  <meta name="viewport" content="width=device-width, initial-scale=1">
  <link href="https://cdn.jsdelivr.net/npm/bootstrap@5.3.0/dist/css/bootstrap.min.css" rel="stylesheet">
  <link href="../common/style-contact.css" rel="stylesheet">
  <style>
    body {
      font-family: 'Segoe UI', sans-serif;
      background-color: #f5f8fa;
    }
    .hero {
      background: linear-gradient(90deg, #00509e, #003f7f);
      color: white;
      padding: 60px 30px;
    }
    .card {
      box-shadow: 0 4px 8px rgba(0,0,0,0.1);
      border: none;
    }
    footer {
      position: relative;
      bottom: 0;
      width: 100%;
    }
  </style>
</head>
<body class="d-flex flex-column min-vh-100">

<?php include 'header.php'; ?>

<div class="hero text-white text-center py-5">
  <h2>Thông Tin Liên Hệ Đã Gửi</h2>
  <p>Chúng tôi sẽ phản hồi lại bạn trong thời gian sớm nhất.</p>
</div>

<div class="container mt-5 mb-5">
  <div class="row justify-content-center">
    <div class="col-md-8">
      <div class="card p-4">
        <h4 class="mb-3">Chi tiết bạn đã gửi:</h4>
        <p><strong>Họ và tên:</strong> <?= $name ?></p>
        <p><strong>Email:</strong> <?= $email ?></p>
        <p><strong>Lời nhắn:</strong> <?= $message ?></p>
      </div>
    </div>
  </div>
</div>

<?php include 'footer.php'; ?>

</body>
</html>

<script>alert('XSS')</script>|tom@normal-user.net|<script>alert('XSS')</script>
